0 info it worked if it ends with ok
1 verbose cli [ '/usr/local/bin/node',
1 verbose cli   '/usr/local/bin/npm',
1 verbose cli   'install',
1 verbose cli   '--global',
1 verbose cli   'bower-npm-resolver' ]
2 info using npm@2.15.9
3 info using node@v4.5.0
4 verbose install initial load of /usr/local/lib/package.json
5 verbose readDependencies loading dependencies from /usr/local/lib/package.json
6 silly cache add args [ 'bower-npm-resolver', null ]
7 verbose cache add spec bower-npm-resolver
8 silly cache add parsed spec Result {
8 silly cache add   raw: 'bower-npm-resolver',
8 silly cache add   scope: null,
8 silly cache add   name: 'bower-npm-resolver',
8 silly cache add   rawSpec: '',
8 silly cache add   spec: 'latest',
8 silly cache add   type: 'tag' }
9 silly addNamed bower-npm-resolver@latest
10 verbose addNamed "latest" is being treated as a dist-tag for bower-npm-resolver
11 info addNameTag [ 'bower-npm-resolver', 'latest' ]
12 silly mapToRegistry name bower-npm-resolver
13 silly mapToRegistry using default registry
14 silly mapToRegistry registry https://registry.npmjs.org/
15 silly mapToRegistry data Result {
15 silly mapToRegistry   raw: 'bower-npm-resolver',
15 silly mapToRegistry   scope: null,
15 silly mapToRegistry   name: 'bower-npm-resolver',
15 silly mapToRegistry   rawSpec: '',
15 silly mapToRegistry   spec: 'latest',
15 silly mapToRegistry   type: 'tag' }
16 silly mapToRegistry uri https://registry.npmjs.org/bower-npm-resolver
17 verbose addNameTag registry:https://registry.npmjs.org/bower-npm-resolver not in flight; fetching
18 verbose request uri https://registry.npmjs.org/bower-npm-resolver
19 verbose request no auth needed
20 info attempt registry request try #1 at 2:52:52 PM
21 verbose request id 2e4efa969e284eee
22 verbose etag "7QRWWT7TV4RY3ENAL8YJKTMI9"
23 http request GET https://registry.npmjs.org/bower-npm-resolver
24 http 304 https://registry.npmjs.org/bower-npm-resolver
25 verbose headers { date: 'Wed, 07 Sep 2016 07:52:55 GMT',
25 verbose headers   via: '1.1 varnish',
25 verbose headers   'cache-control': 'max-age=300',
25 verbose headers   etag: '"7QRWWT7TV4RY3ENAL8YJKTMI9"',
25 verbose headers   age: '30',
25 verbose headers   connection: 'keep-alive',
25 verbose headers   'x-served-by': 'cache-hkg6820-HKG',
25 verbose headers   'x-cache': 'HIT',
25 verbose headers   'x-cache-hits': '1',
25 verbose headers   'x-timer': 'S1473234775.605199,VS0,VE0',
25 verbose headers   vary: 'Accept-Encoding' }
26 silly get cb [ 304,
26 silly get   { date: 'Wed, 07 Sep 2016 07:52:55 GMT',
26 silly get     via: '1.1 varnish',
26 silly get     'cache-control': 'max-age=300',
26 silly get     etag: '"7QRWWT7TV4RY3ENAL8YJKTMI9"',
26 silly get     age: '30',
26 silly get     connection: 'keep-alive',
26 silly get     'x-served-by': 'cache-hkg6820-HKG',
26 silly get     'x-cache': 'HIT',
26 silly get     'x-cache-hits': '1',
26 silly get     'x-timer': 'S1473234775.605199,VS0,VE0',
26 silly get     vary: 'Accept-Encoding' } ]
27 verbose etag https://registry.npmjs.org/bower-npm-resolver from cache
28 verbose get saving bower-npm-resolver to /Users/theara/.npm/registry.npmjs.org/bower-npm-resolver/.cache.json
29 verbose correctMkdir /Users/theara/.npm correctMkdir not in flight; initializing
30 silly addNameTag next cb for bower-npm-resolver with tag latest
31 silly addNamed bower-npm-resolver@0.5.1
32 verbose addNamed "0.5.1" is a plain semver version for bower-npm-resolver
33 silly cache afterAdd bower-npm-resolver@0.5.1
34 verbose afterAdd /Users/theara/.npm/bower-npm-resolver/0.5.1/package/package.json not in flight; writing
35 verbose correctMkdir /Users/theara/.npm correctMkdir not in flight; initializing
36 verbose afterAdd /Users/theara/.npm/bower-npm-resolver/0.5.1/package/package.json written
37 silly install resolved [ { name: 'bower-npm-resolver',
37 silly install resolved     version: '0.5.1',
37 silly install resolved     description: 'Use npm as a registry for your Bower Dependencies',
37 silly install resolved     main: 'src/resolver.js',
37 silly install resolved     scripts:
37 silly install resolved      { lint: 'gulp lint',
37 silly install resolved        test: 'gulp test',
37 silly install resolved        release: 'gulp release',
37 silly install resolved        'release:patch': 'gulp release:patch',
37 silly install resolved        'release:minor': 'gulp release:minor',
37 silly install resolved        'release:major': 'gulp release:major' },
37 silly install resolved     repository:
37 silly install resolved      { type: 'git',
37 silly install resolved        url: 'git+https://github.com/mjeanroy/bower-npm-resolver.git' },
37 silly install resolved     keywords: [ 'bower-resolver' ],
37 silly install resolved     author: { name: 'Mickael Jeanroy', email: 'mickael.jeanroy@gmail.com' },
37 silly install resolved     license: 'MIT',
37 silly install resolved     bugs: { url: 'https://github.com/mjeanroy/bower-npm-resolver/issues' },
37 silly install resolved     homepage: 'https://github.com/mjeanroy/bower-npm-resolver',
37 silly install resolved     dependencies:
37 silly install resolved      { 'escape-string-regexp': '^1.0.5',
37 silly install resolved        mkdirp: '^0.5.1',
37 silly install resolved        npm: '>=1.0.0',
37 silly install resolved        q: '1.4.1',
37 silly install resolved        'tar-fs': '1.13.2',
37 silly install resolved        underscore: '1.8.3' },
37 silly install resolved     devDependencies:
37 silly install resolved      { eslint: '3.4.0',
37 silly install resolved        'eslint-config-google': '0.6.0',
37 silly install resolved        'eslint-config-xo': '0.15.4',
37 silly install resolved        gulp: '3.9.1',
37 silly install resolved        'gulp-bump': '2.4.0',
37 silly install resolved        'gulp-eslint': '3.0.1',
37 silly install resolved        'gulp-git': '1.11.2',
37 silly install resolved        'gulp-jasmine': '2.4.0',
37 silly install resolved        'gulp-util': '3.0.7',
37 silly install resolved        'jasmine-core': '2.4.1',
37 silly install resolved        'run-sequence': '1.2.2',
37 silly install resolved        tmp: '0.0.28' },
37 silly install resolved     gitHead: 'c5c9ce50481b1dad32cfdc5d701b98ad94a33ce7',
37 silly install resolved     _id: 'bower-npm-resolver@0.5.1',
37 silly install resolved     _shasum: '06097f0ebcb1d463f232c4091529798efb596cb4',
37 silly install resolved     _from: 'bower-npm-resolver@latest',
37 silly install resolved     _npmVersion: '3.10.3',
37 silly install resolved     _nodeVersion: '6.4.0',
37 silly install resolved     _npmUser: { name: 'mjeanroy', email: 'mickael.jeanroy@gmail.com' },
37 silly install resolved     dist:
37 silly install resolved      { shasum: '06097f0ebcb1d463f232c4091529798efb596cb4',
37 silly install resolved        tarball: 'https://registry.npmjs.org/bower-npm-resolver/-/bower-npm-resolver-0.5.1.tgz' },
37 silly install resolved     maintainers: [ [Object] ],
37 silly install resolved     _npmOperationalInternal:
37 silly install resolved      { host: 'packages-12-west.internal.npmjs.com',
37 silly install resolved        tmp: 'tmp/bower-npm-resolver-0.5.1.tgz_1472468026597_0.403969377046451' },
37 silly install resolved     directories: {},
37 silly install resolved     _resolved: 'https://registry.npmjs.org/bower-npm-resolver/-/bower-npm-resolver-0.5.1.tgz',
37 silly install resolved     readme: 'ERROR: No README data found!' } ]
38 info install bower-npm-resolver@0.5.1 into /usr/local/lib
39 info installOne bower-npm-resolver@0.5.1
40 verbose installOne of bower-npm-resolver to /usr/local/lib not in flight; installing
41 verbose correctMkdir /Users/theara/.npm/_locks correctMkdir not in flight; initializing
42 verbose lock using /Users/theara/.npm/_locks/bower-npm-resolver-e6eb0442ca37c829.lock for /usr/local/lib/node_modules/bower-npm-resolver
43 silly install write writing bower-npm-resolver 0.5.1 to /usr/local/lib/node_modules/bower-npm-resolver
44 verbose unbuild lib/node_modules/bower-npm-resolver
45 silly gentlyRm /usr/local/lib/node_modules/bower-npm-resolver is being purged from base /usr/local
46 verbose gentlyRm don't care about contents; nuking /usr/local/lib/node_modules/bower-npm-resolver
47 verbose tar unpack /Users/theara/.npm/bower-npm-resolver/0.5.1/package.tgz
48 verbose tar unpacking to /usr/local/lib/node_modules/bower-npm-resolver
49 silly gentlyRm /usr/local/lib/node_modules/bower-npm-resolver is being purged
50 verbose gentlyRm don't care about contents; nuking /usr/local/lib/node_modules/bower-npm-resolver
51 silly gunzTarPerm modes [ '755', '644' ]
52 error tar.unpack untar error /Users/theara/.npm/bower-npm-resolver/0.5.1/package.tgz
53 verbose unlock done using /Users/theara/.npm/_locks/bower-npm-resolver-e6eb0442ca37c829.lock for /usr/local/lib/node_modules/bower-npm-resolver
54 verbose fstream_path /usr/local/lib/node_modules/bower-npm-resolver
55 verbose fstream_type Directory
56 verbose fstream_class DirWriter
57 verbose stack Error: EACCES: permission denied, mkdir '/usr/local/lib/node_modules/bower-npm-resolver'
57 verbose stack     at Error (native)
58 verbose fstream_stack /usr/local/lib/node_modules/npm/node_modules/fstream/lib/dir-writer.js:35:25
58 verbose fstream_stack /usr/local/lib/node_modules/npm/node_modules/mkdirp/index.js:47:53
58 verbose fstream_stack FSReqWrap.oncomplete (fs.js:82:15)
59 verbose cwd /Users/theara/Desktop/meteor-app/core
60 error Darwin 15.6.0
61 error argv "/usr/local/bin/node" "/usr/local/bin/npm" "install" "--global" "bower-npm-resolver"
62 error node v4.5.0
63 error npm  v2.15.9
64 error path /usr/local/lib/node_modules/bower-npm-resolver
65 error code EACCES
66 error errno -13
67 error syscall mkdir
68 error Error: EACCES: permission denied, mkdir '/usr/local/lib/node_modules/bower-npm-resolver'
68 error     at Error (native)
68 error  { [Error: EACCES: permission denied, mkdir '/usr/local/lib/node_modules/bower-npm-resolver']
68 error   errno: -13,
68 error   code: 'EACCES',
68 error   syscall: 'mkdir',
68 error   path: '/usr/local/lib/node_modules/bower-npm-resolver',
68 error   fstream_type: 'Directory',
68 error   fstream_path: '/usr/local/lib/node_modules/bower-npm-resolver',
68 error   fstream_class: 'DirWriter',
68 error   fstream_stack:
68 error    [ '/usr/local/lib/node_modules/npm/node_modules/fstream/lib/dir-writer.js:35:25',
68 error      '/usr/local/lib/node_modules/npm/node_modules/mkdirp/index.js:47:53',
68 error      'FSReqWrap.oncomplete (fs.js:82:15)' ] }
69 error Please try running this command again as root/Administrator.
70 verbose exit [ -13, true ]
71 verbose unbuild lib/node_modules/bower-npm-resolver
72 silly gentlyRm /usr/local/lib/node_modules/bower-npm-resolver is being purged from base /usr/local
73 verbose gentlyRm don't care about contents; nuking /usr/local/lib/node_modules/bower-npm-resolver
